<?xml version="1.0" encoding="UTF-8"?>
<testsuite xmlns:xsi="http://www.w3.org/2001/XMLSchema-instance" xsi:noNamespaceSchemaLocation="https://maven.apache.org/surefire/maven-surefire-plugin/xsd/surefire-test-report.xsd" name="APIClientTest" time="1.077" tests="16" errors="0" skipped="0" failures="0">
  <properties>
[...]
</properties>
  <testcase name="testFindMaxConcurrentCalls_OverlappingCallsSingleCustomer" classname="APIClientTest" time="0.154"/>
  <testcase name="testFindMaxConcurrentCalls_ExactOverlapStarts" classname="APIClientTest" time="0.001"/>
  <testcase name="testFindMaxConcurrentCalls_ZeroLengthCall" classname="APIClientTest" time="0"/>
  <testcase name="testFindMaxConcurrentCalls_DifferentMaxPeriods" classname="APIClientTest" time="0"/>
  <testcase name="testFindMaxConcurrentCalls_MillisecondPrecision" classname="APIClientTest" time="0.001"/>
  <testcase name="testFindMaxConcurrentCalls_CrossMidnightGroup" classname="APIClientTest" time="0.001"/>
  <testcase name="testFindMaxConcurrentCalls_DifferentDays" classname="APIClientTest" time="0.001"/>
  <testcase name="testFindMaxConcurrentCalls_MultiDaySpan" classname="APIClientTest" time="0.001"/>
  <testcase name="testFindMaxConcurrentCalls_SingleCallSingleCustomer" classname="APIClientTest" time="0"/>
  <testcase name="testFindMaxConcurrentCalls_BackToBackCalls" classname="APIClientTest" time="0.001"/>
  <testcase name="testFindMaxConcurrentCalls_CallEndsAtMidnight" classname="APIClientTest" time="0.001"/>
  <testcase name="testFindMaxConcurrentCalls_CallSpanningMultipleDays" classname="APIClientTest" time="0"/>
  <testcase name="testFindMaxConcurrentCalls_EmptyList" classname="APIClientTest" time="0"/>
  <testcase name="testFindMaxConcurrentCalls_MultipleCustomers" classname="APIClientTest" time="0"/>
  <testcase name="testFindMaxConcurrentCalls_MultipleMaxPeriods" classname="APIClientTest" time="0"/>
  <testcase name="testApiIntegration" classname="APIClientTest" time="0.907"/>
</testsuite>